<?xml version="1.0" encoding="UTF-8"?>
<!-- Generated by org.testng.reporters.JUnitReportReporter -->
<testsuite hostname="DESKTOP-BV7I7JD" name="KDF.TransactionView" tests="6" failures="0" timestamp="26 Jun 2018 17:44:53 GMT" time="130.569" errors="0">
  <testcase name="transactionTest" time="23.401" classname="KDF.TransactionView"/>
  <testcase name="transactionTest" time="24.028" classname="KDF.TransactionView"/>
  <testcase name="transactionTest" time="22.568" classname="KDF.TransactionView"/>
  <testcase name="transactionTest" time="24.184" classname="KDF.TransactionView"/>
  <testcase name="transactionTest" time="18.688" classname="KDF.TransactionView"/>
  <testcase name="transactionTest" time="17.700" classname="KDF.TransactionView"/>
</testsuite> <!-- KDF.TransactionView -->
