<?xml version="1.0" encoding="UTF-8"?>
<!-- Generated by org.testng.reporters.JUnitReportReporter -->
<testsuite hostname="Infva07207" name="KDF.MembershipRegistration" tests="1" failures="0" timestamp="25 Jun 2018 19:57:15 GMT" time="11.232" errors="0">
  <testcase name="registrationTest" time="11.232" classname="KDF.MembershipRegistration"/>
</testsuite> <!-- KDF.MembershipRegistration -->
