<?xml version="1.0" encoding="UTF-8"?>
<!-- Generated by org.testng.reporters.JUnitReportReporter -->
<testsuite hostname="Infva07207" name="KDF.Login" tests="2" failures="0" timestamp="23 Jun 2018 16:35:30 GMT" time="29.148" errors="0">
  <testcase name="loginTest" time="21.532" classname="KDF.Login"/>
  <testcase name="loginTest" time="7.616" classname="KDF.Login"/>
</testsuite> <!-- KDF.Login -->
