<?xml version="1.0" encoding="UTF-8"?>
<!-- Generated by org.testng.reporters.JUnitReportReporter -->
<testsuite hostname="Infva07207" name="testfortestNg.LiveTextile" tests="1" failures="0" timestamp="9 Jun 2018 23:02:50 GMT" time="0.509" errors="0">
  <testcase name="login" time="0.509" classname="testfortestNg.LiveTextile"/>
</testsuite> <!-- testfortestNg.LiveTextile -->
