<?xml version="1.0" encoding="UTF-8"?>
<!-- Generated by org.testng.reporters.JUnitReportReporter -->
<testsuite hostname="Infva07207" name="testfortestNg.LiveTextileSignUp" tests="1" failures="0" timestamp="9 Jun 2018 23:20:09 GMT" time="0.368" errors="0">
  <testcase name="login" time="0.368" classname="testfortestNg.LiveTextileSignUp"/>
</testsuite> <!-- testfortestNg.LiveTextileSignUp -->
