<?xml version="1.0" encoding="UTF-8"?>
<!-- Generated by org.testng.reporters.JUnitReportReporter -->
<testsuite hostname="Infva07207" name="testfortestNg.Que2" tests="4" failures="0" timestamp="9 Jun 2018 20:53:47 GMT" time="0.000" errors="0">
  <testcase name="Second" time="0.000" classname="testfortestNg.Que2"/>
  <testcase name="Third" time="0.000" classname="testfortestNg.Que2"/>
  <testcase name="Fourth" time="0.000" classname="testfortestNg.Que2"/>
  <testcase name="First" time="0.000" classname="testfortestNg.Que2"/>
</testsuite> <!-- testfortestNg.Que2 -->
