<?xml version="1.0" encoding="UTF-8"?>
<!-- Generated by org.testng.reporters.JUnitReportReporter -->
<testsuite hostname="Infva07207" name="KDF.Login" tests="2" failures="0" timestamp="23 Jun 2018 00:36:44 GMT" time="24.414" errors="0">
  <testcase name="loginTest" time="13.647" classname="KDF.Login"/>
  <testcase name="loginTest" time="10.767" classname="KDF.Login"/>
</testsuite> <!-- KDF.Login -->
