<?xml version="1.0" encoding="UTF-8"?>
<!-- Generated by org.testng.reporters.JUnitReportReporter -->
<testsuite hostname="Infva07207" name="KDF.ExcelExecutor" tests="1" failures="0" timestamp="22 Jun 2018 21:10:01 GMT" time="8.587" errors="0">
  <testcase name="test" time="8.587" classname="KDF.ExcelExecutor"/>
</testsuite> <!-- KDF.ExcelExecutor -->
