<?xml version="1.0" encoding="UTF-8"?>
<!-- Generated by org.testng.reporters.JUnitReportReporter -->
<testsuite hostname="DESKTOP-BV7I7JD" name="KDF.TransactionEntry" tests="2" failures="0" timestamp="26 Jun 2018 17:44:53 GMT" time="73.219" errors="0">
  <testcase name="transactionTest" time="36.995" classname="KDF.TransactionEntry"/>
  <testcase name="transactionTest" time="36.224" classname="KDF.TransactionEntry"/>
</testsuite> <!-- KDF.TransactionEntry -->
