<?xml version="1.0" encoding="UTF-8"?>
<!-- Generated by org.testng.reporters.JUnitReportReporter -->
<testsuite hostname="Infva07207" name="testfortestNg.Loadpage" tests="1" failures="0" timestamp="14 Jun 2018 16:33:15 GMT" time="0.062" errors="0">
  <testcase name="f" time="0.062" classname="testfortestNg.Loadpage"/>
</testsuite> <!-- testfortestNg.Loadpage -->
