<?xml version="1.0" encoding="UTF-8"?>
<!-- Generated by org.testng.reporters.JUnitReportReporter -->
<testsuite hostname="Infva07207" name="KDF.Login" tests="2" failures="0" timestamp="23 Jun 2018 03:22:07 GMT" time="12.071" errors="0">
  <testcase name="loginTest" time="5.998" classname="KDF.Login"/>
  <testcase name="loginTest" time="6.073" classname="KDF.Login"/>
</testsuite> <!-- KDF.Login -->
