<?xml version="1.0" encoding="UTF-8"?>
<!-- Generated by org.testng.reporters.JUnitReportReporter -->
<testsuite hostname="Infva07207" name="KDF.CreateFd" tests="1" failures="0" timestamp="23 Jun 2018 23:50:38 GMT" time="17.207" errors="0">
  <testcase name="registrationTest" time="17.207" classname="KDF.CreateFd"/>
</testsuite> <!-- KDF.CreateFd -->
