<?xml version="1.0" encoding="UTF-8"?>
<!-- Generated by org.testng.reporters.JUnitReportReporter -->
<testsuite hostname="Infva07207" name="testfortestNg.Que4" tests="3" failures="0" timestamp="9 Jun 2018 20:51:10 GMT" time="0.015" errors="0">
  <testcase name="Third" time="0.015" classname="testfortestNg.Que4"/>
  <testcase name="Fourth" time="0.000" classname="testfortestNg.Que4"/>
  <testcase name="First" time="0.000" classname="testfortestNg.Que4"/>
</testsuite> <!-- testfortestNg.Que4 -->
