<?xml version="1.0" encoding="UTF-8"?>
<!-- Generated by org.testng.reporters.JUnitReportReporter -->
<testsuite hostname="DESKTOP-BV7I7JD" name="KDF.ModificationNonIndividual" tests="1" failures="0" timestamp="26 Jun 2018 17:44:53 GMT" time="69.017" errors="0">
  <testcase name="modifyNonIndividualTest" time="69.017" classname="KDF.ModificationNonIndividual"/>
</testsuite> <!-- KDF.ModificationNonIndividual -->
