<?xml version="1.0" encoding="UTF-8"?>
<!-- Generated by org.testng.reporters.JUnitReportReporter -->
<testsuite hostname="Infva07207" name="KDF.MembershipRegistration" tests="1" failures="0" timestamp="23 Jun 2018 20:17:14 GMT" time="14.967" errors="0">
  <testcase name="registrationTest" time="14.967" classname="KDF.MembershipRegistration"/>
</testsuite> <!-- KDF.MembershipRegistration -->
