<?xml version="1.0" encoding="UTF-8"?>
<!-- Generated by org.testng.reporters.JUnitReportReporter -->
<testsuite hostname="Infva07207" name="KDF.MembershipRegistration" tests="1" failures="0" timestamp="23 Jun 2018 21:53:56 GMT" time="10.424" errors="0">
  <testcase name="registrationTest" time="10.424" classname="KDF.MembershipRegistration"/>
</testsuite> <!-- KDF.MembershipRegistration -->
