<?xml version="1.0" encoding="UTF-8"?>
<!-- Generated by org.testng.reporters.JUnitReportReporter -->
<testsuite hostname="Infva07207" name="MT_Solutions.GoogleMaps" tests="1" failures="0" timestamp="17 Jun 2018 00:16:30 GMT" time="8.149" errors="0">
  <testcase name="maps" time="8.149" classname="MT_Solutions.GoogleMaps"/>
</testsuite> <!-- MT_Solutions.GoogleMaps -->
