<?xml version="1.0" encoding="UTF-8"?>
<!-- Generated by org.testng.reporters.JUnitReportReporter -->
<testsuite hostname="DESKTOP-BV7I7JD" name="KDF.CreateFdSingle" tests="2" failures="0" timestamp="26 Jun 2018 17:44:53 GMT" time="112.938" errors="0">
  <testcase name="registrationTest" time="54.685" classname="KDF.CreateFdSingle"/>
  <testcase name="registrationTest" time="58.253" classname="KDF.CreateFdSingle"/>
</testsuite> <!-- KDF.CreateFdSingle -->
