<?xml version="1.0" encoding="UTF-8"?>
<!-- Generated by org.testng.reporters.JUnitReportReporter -->
<testsuite hostname="Infva07207" name="LiveTextile.MyAccount" tests="1" failures="0" timestamp="15 Jun 2018 22:47:23 GMT" time="3.349" errors="0">
  <testcase name="myAccount" time="3.349" classname="LiveTextile.MyAccount"/>
</testsuite> <!-- LiveTextile.MyAccount -->
