<?xml version="1.0" encoding="UTF-8"?>
<!-- Generated by org.testng.reporters.JUnitReportReporter -->
<testsuite hostname="Infva07207" name="KDF.MembershipRegistration" tests="1" failures="0" timestamp="24 Jun 2018 01:06:39 GMT" time="17.129" errors="0">
  <testcase name="registrationTest" time="17.129" classname="KDF.MembershipRegistration"/>
</testsuite> <!-- KDF.MembershipRegistration -->
