<?xml version="1.0" encoding="UTF-8"?>
<!-- Generated by org.testng.reporters.JUnitReportReporter -->
<testsuite hostname="Infva07207" name="KDF.Login" tests="2" failures="0" timestamp="23 Jun 2018 23:57:17 GMT" time="26.083" errors="0">
  <testcase name="loginTest" time="12.474" classname="KDF.Login"/>
  <testcase name="loginTest" time="13.609" classname="KDF.Login"/>
</testsuite> <!-- KDF.Login -->
