<?xml version="1.0" encoding="UTF-8"?>
<!-- Generated by org.testng.reporters.JUnitReportReporter -->
<testsuite hostname="Infva07207" name="testfortestNg.Flipkart" tests="1" failures="0" timestamp="9 Jun 2018 19:50:38 GMT" time="3.034" errors="0">
  <testcase name="flipkart" time="3.034" classname="testfortestNg.Flipkart"/>
</testsuite> <!-- testfortestNg.Flipkart -->
