<?xml version="1.0" encoding="UTF-8"?>
<!-- Generated by org.testng.reporters.JUnitReportReporter -->
<testsuite hostname="DESKTOP-BV7I7JD" name="KDF.Login" tests="2" failures="0" timestamp="26 Jun 2018 17:44:53 GMT" time="30.468" errors="0">
  <testcase name="loginTest" time="19.092" classname="KDF.Login"/>
  <testcase name="loginTest" time="11.376" classname="KDF.Login"/>
</testsuite> <!-- KDF.Login -->
