<?xml version="1.0" encoding="UTF-8"?>
<!-- Generated by org.testng.reporters.JUnitReportReporter -->
<testsuite hostname="Infva07207" name="testfortestNg.imdbDDT" tests="1" failures="0" timestamp="11 Jun 2018 17:26:13 GMT" time="50.221" errors="0">
  <testcase name="imdb" time="50.221" classname="testfortestNg.imdbDDT"/>
</testsuite> <!-- testfortestNg.imdbDDT -->
