<?xml version="1.0" encoding="UTF-8"?>
<!-- Generated by org.testng.reporters.JUnitReportReporter -->
<testsuite hostname="Infva07207" name="testfortestNg.DDTImdb" tests="1" failures="0" timestamp="11 Jun 2018 17:55:01 GMT" time="50.932" errors="0">
  <testcase name="f" time="50.932" classname="testfortestNg.DDTImdb"/>
</testsuite> <!-- testfortestNg.DDTImdb -->
