<?xml version="1.0" encoding="UTF-8"?>
<!-- Generated by org.testng.reporters.JUnitReportReporter -->
<testsuite hostname="DESKTOP-BV7I7JD" name="KDF.CreateFdJoint" tests="1" failures="0" timestamp="26 Jun 2018 17:44:53 GMT" time="63.834" errors="0">
  <testcase name="registrationTest" time="63.834" classname="KDF.CreateFdJoint"/>
</testsuite> <!-- KDF.CreateFdJoint -->
