<?xml version="1.0" encoding="UTF-8"?>
<!-- Generated by org.testng.reporters.JUnitReportReporter -->
<testsuite hostname="Infva07207" name="Grid.AlertTestNg" tests="2" failures="0" timestamp="15 Jun 2018 18:07:14 GMT" time="0.809" errors="0">
  <testcase name="f" time="0.411" classname="Grid.AlertTestNg"/>
  <testcase name="f" time="0.398" classname="Grid.AlertTestNg"/>
</testsuite> <!-- Grid.AlertTestNg -->
