<?xml version="1.0" encoding="UTF-8"?>
<!-- Generated by org.testng.reporters.JUnitReportReporter -->
<testsuite hostname="Infva07207" name="KDF.CreateFdJoint" tests="1" failures="0" timestamp="24 Jun 2018 00:14:28 GMT" time="20.323" errors="0">
  <testcase name="registrationTest" time="20.323" classname="KDF.CreateFdJoint"/>
</testsuite> <!-- KDF.CreateFdJoint -->
