<?xml version="1.0" encoding="UTF-8"?>
<!-- Generated by org.testng.reporters.JUnitReportReporter -->
<testsuite hostname="Infva07207" name="KDF.MembershipRegistrationNonIndividual" tests="1" failures="0" timestamp="24 Jun 2018 01:38:37 GMT" time="10.649" errors="0">
  <testcase name="loginTest" time="10.649" classname="KDF.MembershipRegistrationNonIndividual"/>
</testsuite> <!-- KDF.MembershipRegistrationNonIndividual -->
