<?xml version="1.0" encoding="UTF-8"?>
<!-- Generated by org.testng.reporters.JUnitReportReporter -->
<testsuite hostname="Infva07207" name="testfortestNg.Crossworld" tests="1" failures="0" timestamp="15 Jun 2018 23:58:47 GMT" time="51.880" errors="0">
  <testcase name="f" time="51.880" classname="testfortestNg.Crossworld"/>
</testsuite> <!-- testfortestNg.Crossworld -->
