<?xml version="1.0" encoding="UTF-8"?>
<!-- Generated by org.testng.reporters.JUnitReportReporter -->
<testsuite hostname="Infva07207" name="KDF.ExcelExecutor" tests="1" failures="0" timestamp="21 Jun 2018 21:09:38 GMT" time="6.417" errors="0">
  <testcase name="test" time="6.417" classname="KDF.ExcelExecutor"/>
</testsuite> <!-- KDF.ExcelExecutor -->
