<?xml version="1.0" encoding="UTF-8"?>
<!-- Generated by org.testng.reporters.JUnitReportReporter -->
<testsuite hostname="Infva07207" name="testfortestNg.Que3" tests="4" failures="0" timestamp="9 Jun 2018 20:51:01 GMT" time="0.016" errors="0">
  <testcase name="Third" time="0.000" classname="testfortestNg.Que3"/>
  <testcase name="Fourth" time="0.000" classname="testfortestNg.Que3"/>
  <testcase name="Second" time="0.000" classname="testfortestNg.Que3"/>
  <testcase name="First" time="0.016" classname="testfortestNg.Que3"/>
</testsuite> <!-- testfortestNg.Que3 -->
