<?xml version="1.0" encoding="UTF-8"?>
<!-- Generated by org.testng.reporters.JUnitReportReporter -->
<testsuite hostname="Infva07207" name="testfortestNg.Que1" tests="2" failures="0" timestamp="8 Jun 2018 23:49:08 GMT" time="0.016" errors="0">
  <testcase name="f" time="0.016" classname="testfortestNg.Que1"/>
  <testcase name="f1" time="0.000" classname="testfortestNg.Que1"/>
</testsuite> <!-- testfortestNg.Que1 -->
