<?xml version="1.0" encoding="UTF-8"?>
<!-- Generated by org.testng.reporters.JUnitReportReporter -->
<testsuite hostname="Infva07207" name="testfortestNg.SearchEngineOptimization" tests="1" failures="0" timestamp="16 Jun 2018 03:04:57 GMT" time="3.409" errors="0">
  <testcase name="testFunc" time="3.409" classname="testfortestNg.SearchEngineOptimization"/>
</testsuite> <!-- testfortestNg.SearchEngineOptimization -->
