<?xml version="1.0" encoding="UTF-8"?>
<!-- Generated by org.testng.reporters.JUnitReportReporter -->
<testsuite hostname="Infva07207" name="testfortestNg.BlackPanther" tests="1" failures="0" timestamp="11 Jun 2018 16:30:15 GMT" time="7.513" errors="0">
  <testcase name="search" time="7.513" classname="testfortestNg.BlackPanther"/>
</testsuite> <!-- testfortestNg.BlackPanther -->
