<?xml version="1.0" encoding="UTF-8"?>
<!-- Generated by org.testng.reporters.JUnitReportReporter -->
<testsuite hostname="Infva07207" name="testfortestNg.ddtFramework" tests="1" failures="0" timestamp="11 Jun 2018 19:05:07 GMT" time="28.849" errors="0">
  <testcase name="testDataProviderExample" time="28.849" classname="testfortestNg.ddtFramework"/>
</testsuite> <!-- testfortestNg.ddtFramework -->
