<?xml version="1.0" encoding="UTF-8"?>
<!-- Generated by org.testng.reporters.JUnitReportReporter -->
<testsuite hostname="Infva07207" name="LiveTextile.ForgetPasswordTest" tests="3" failures="0" timestamp="16 Jun 2018 01:15:08 GMT" time="10.927" errors="0">
  <testcase name="forgetPassword" time="1.908" classname="LiveTextile.ForgetPasswordTest"/>
  <testcase name="forgetPassword" time="7.428" classname="LiveTextile.ForgetPasswordTest"/>
  <testcase name="forgetPassword" time="1.591" classname="LiveTextile.ForgetPasswordTest"/>
</testsuite> <!-- LiveTextile.ForgetPasswordTest -->
