<?xml version="1.0" encoding="UTF-8"?>
<!-- Generated by org.testng.reporters.JUnitReportReporter -->
<testsuite hostname="Infva07207" name="testfortestNg.LiveTextileLogin" tests="1" failures="0" timestamp="9 Jun 2018 01:04:26 GMT" time="0.293" errors="0">
  <testcase name="f" time="0.293" classname="testfortestNg.LiveTextileLogin"/>
</testsuite> <!-- testfortestNg.LiveTextileLogin -->
