<?xml version="1.0" encoding="UTF-8"?>
<!-- Generated by org.testng.reporters.JUnitReportReporter -->
<testsuite hostname="Infva07207" name="LiveTextile.SignUp" tests="1" failures="0" timestamp="12 Jun 2018 22:56:23 GMT" time="0.418" errors="0">
  <testcase name="login" time="0.418" classname="LiveTextile.SignUp"/>
</testsuite> <!-- LiveTextile.SignUp -->
