<?xml version="1.0" encoding="UTF-8"?>
<!-- Generated by org.testng.reporters.JUnitReportReporter -->
<testsuite hostname="Infva07207" name="LiveTextile.HomePageTest" tests="1" failures="0" timestamp="15 Jun 2018 01:19:46 GMT" time="2.063" errors="0">
  <testcase name="highlight" time="2.063" classname="LiveTextile.HomePageTest"/>
</testsuite> <!-- LiveTextile.HomePageTest -->
