<?xml version="1.0" encoding="UTF-8"?>
<!-- Generated by org.testng.reporters.JUnitReportReporter -->
<testsuite hostname="Infva07207" name="Util.TestNG" tests="1" failures="0" timestamp="19 Jun 2018 22:28:44 GMT" time="0.079" errors="0">
  <testcase name="testFunc" time="0.079" classname="Util.TestNG"/>
</testsuite> <!-- Util.TestNG -->
