<?xml version="1.0" encoding="UTF-8"?>
<!-- Generated by org.testng.reporters.JUnitReportReporter -->
<testsuite hostname="Infva07207" name="LiveTextile.SignupTest" tests="1" failures="0" timestamp="14 Jun 2018 22:34:21 GMT" time="3.450" errors="0">
  <testcase name="signupTest" time="3.450" classname="LiveTextile.SignupTest"/>
</testsuite> <!-- LiveTextile.SignupTest -->
