<?xml version="1.0" encoding="UTF-8"?>
<!-- Generated by org.testng.reporters.JUnitReportReporter -->
<testsuite hostname="Infva07207" name="testfortestNg.Barnesandnoble" tests="1" failures="0" timestamp="11 Jun 2018 23:02:21 GMT" time="0.006" errors="0">
  <testcase name="f" time="0.006" classname="testfortestNg.Barnesandnoble"/>
</testsuite> <!-- testfortestNg.Barnesandnoble -->
