<?xml version="1.0" encoding="UTF-8"?>
<!-- Generated by org.testng.reporters.JUnitReportReporter -->
<testsuite hostname="Infva07207" name="testfortestNg.FlipkartMobile" tests="1" failures="0" timestamp="13 Jun 2018 18:21:09 GMT" time="21.894" errors="0">
  <testcase name="mobileSearch" time="21.894" classname="testfortestNg.FlipkartMobile"/>
</testsuite> <!-- testfortestNg.FlipkartMobile -->
