<?xml version="1.0" encoding="UTF-8"?>
<!-- Generated by org.testng.reporters.JUnitReportReporter -->
<testsuite hostname="Infva07207" name="testfortestNg.WikipediatestNg" tests="1" failures="0" timestamp="8 Jun 2018 20:09:19 GMT" time="6.809" errors="0">
  <testcase name="f" time="6.809" classname="testfortestNg.WikipediatestNg"/>
</testsuite> <!-- testfortestNg.WikipediatestNg -->
