<?xml version="1.0" encoding="UTF-8"?>
<!-- Generated by org.testng.reporters.JUnitReportReporter -->
<testsuite hostname="Infva07207" name="testfortestNg.Crossword1" tests="1" failures="0" timestamp="16 Jun 2018 00:01:30 GMT" time="0.006" errors="0">
  <testcase name="f" time="0.006" classname="testfortestNg.Crossword1"/>
</testsuite> <!-- testfortestNg.Crossword1 -->
