<?xml version="1.0" encoding="UTF-8"?>
<!-- Generated by org.testng.reporters.JUnitReportReporter -->
<testsuite hostname="Infva07207" name="Grid.AlertGrid" tests="2" failures="0" timestamp="15 Jun 2018 18:23:38 GMT" time="21.568" errors="0">
  <testcase name="alert" time="7.190" classname="Grid.AlertGrid"/>
  <testcase name="alert" time="14.378" classname="Grid.AlertGrid"/>
</testsuite> <!-- Grid.AlertGrid -->
