<?xml version="1.0" encoding="UTF-8"?>
<!-- Generated by org.testng.reporters.JUnitReportReporter -->
<testsuite hostname="Infva07207" name="MT_Solutions.Books" tests="3" failures="0" timestamp="17 Jun 2018 00:14:27 GMT" time="9.674" errors="0">
  <testcase name="testDataProviderExample" time="2.570" classname="MT_Solutions.Books"/>
  <testcase name="testDataProviderExample" time="4.455" classname="MT_Solutions.Books"/>
  <testcase name="testDataProviderExample" time="2.649" classname="MT_Solutions.Books"/>
</testsuite> <!-- MT_Solutions.Books -->
